starting runner Paz 13 Kas 2022 20:07:23 +03
removed 1 package and audited 1187 packages in 6.053s

119 packages are looking for funding
  run `npm fund` for details

found 7 vulnerabilities (1 moderate, 2 high, 4 critical)
  run `npm audit fix` to fix them, or `npm audit` for details

> ng-visuall@1.0.0 ng /home/ivis/visuall/software-artifact-analyzer
> ng "build"


Initial Chunk Files | Names         |  Raw Size
vendor.js           | vendor        |   6.40 MB |
polyfills.js        | polyfills     | 966.24 kB |
main.js             | main          | 653.41 kB |
scripts.js          | scripts       | 386.59 kB |
styles.css          | styles        | 214.69 kB |
runtime.js          | runtime       |   6.37 kB |

| Initial Total |   8.58 MB

Build at: 2022-11-13T17:07:42.594Z - Hash: 35ca0acbb5aaaa15 - Time: 9350ms
server listening port:  4400
starting runner Prş 16 Şub 2023 15:23:45 +03

> ng-visuall@1.0.0 ng /home/ivis/visuall/software-artifact-analyzer
> ng "build"

runner ended Prş 16 Şub 2023 15:23:48 +03
starting runner Prş 16 Şub 2023 15:26:28 +03

> ng-visuall@1.0.0 ng /home/ivis/visuall/software-artifact-analyzer
> ng "build"

runner ended Prş 16 Şub 2023 15:26:31 +03
starting runner Prş 16 Şub 2023 17:02:10 +03

> ng-visuall@1.0.0 ng /home/ivis/visuall/software-artifact-analyzer
> ng "build"

runner ended Prş 16 Şub 2023 17:02:13 +03
starting runner Prş 16 Şub 2023 17:34:46 +03
audited 1201 packages in 6.068s

136 packages are looking for funding
  run `npm fund` for details

found 1 moderate severity vulnerability
  run `npm audit fix` to fix them, or `npm audit` for details

> ng-visuall@1.0.0 ng /home/ivis/visuall/software-artifact-analyzer
> ng "build"


Initial Chunk Files | Names         |  Raw Size
vendor.js           | vendor        |   6.49 MB |
polyfills.js        | polyfills     | 964.76 kB |
main.js             | main          | 741.76 kB |
scripts.js          | scripts       | 393.86 kB |
styles.css          | styles        | 245.20 kB |
runtime.js          | runtime       |   6.37 kB |

| Initial Total |   8.78 MB

Build at: 2023-02-16T14:35:29.585Z - Hash: 81876fa7a7e77e2f - Time: 33376ms
server listening port:  4400
runner ended Prş 16 Şub 2023 17:36:02 +03
starting runner Prş 16 Şub 2023 17:36:36 +03
removed 1 package and audited 1201 packages in 6.077s

136 packages are looking for funding
  run `npm fund` for details

found 1 moderate severity vulnerability
  run `npm audit fix` to fix them, or `npm audit` for details

> ng-visuall@1.0.0 ng /home/ivis/visuall/software-artifact-analyzer
> ng "build"


Initial Chunk Files | Names         |  Raw Size
vendor.js           | vendor        |   6.49 MB |
polyfills.js        | polyfills     | 964.76 kB |
main.js             | main          | 741.76 kB |
scripts.js          | scripts       | 393.86 kB |
styles.css          | styles        | 245.20 kB |
runtime.js          | runtime       |   6.37 kB |

| Initial Total |   8.78 MB

Build at: 2023-02-16T14:37:05.806Z - Hash: 108f089a31520be1 - Time: 19001ms
server listening port:  4400
runner ended Prş 16 Şub 2023 17:37:06 +03
starting runner Prş 16 Şub 2023 17:42:58 +03
audited 1201 packages in 6.12s

136 packages are looking for funding
  run `npm fund` for details

found 1 moderate severity vulnerability
  run `npm audit fix` to fix them, or `npm audit` for details

> ng-visuall@1.0.0 ng /home/ivis/visuall/software-artifact-analyzer
> ng "build"


Initial Chunk Files | Names         |  Raw Size
vendor.js           | vendor        |   6.49 MB |
polyfills.js        | polyfills     | 964.76 kB |
main.js             | main          | 741.76 kB |
scripts.js          | scripts       | 393.86 kB |
styles.css          | styles        | 245.20 kB |
runtime.js          | runtime       |   6.37 kB |

| Initial Total |   8.78 MB

Build at: 2023-02-16T14:43:26.175Z - Hash: 108f089a31520be1 - Time: 18080ms
server listening port:  4400
starting runner Cum 17 Şub 2023 14:50:02 +03
audited 1201 packages in 6.105s

136 packages are looking for funding
  run `npm fund` for details

found 1 moderate severity vulnerability
  run `npm audit fix` to fix them, or `npm audit` for details

> ng-visuall@1.0.0 ng /home/ivis/visuall/software-artifact-analyzer
> ng "build"


Initial Chunk Files | Names         |  Raw Size
vendor.js           | vendor        |   6.49 MB |
polyfills.js        | polyfills     | 964.76 kB |
main.js             | main          | 741.76 kB |
scripts.js          | scripts       | 393.86 kB |
styles.css          | styles        | 245.20 kB |
runtime.js          | runtime       |   6.37 kB |

| Initial Total |   8.78 MB

Build at: 2023-02-17T11:50:20.680Z - Hash: 108f089a31520be1 - Time: 8553ms
server listening port:  4400
starting runner Cum 17 Şub 2023 14:50:38 +03
audited 1201 packages in 6.088s

136 packages are looking for funding
  run `npm fund` for details

found 1 moderate severity vulnerability
  run `npm audit fix` to fix them, or `npm audit` for details

> ng-visuall@1.0.0 ng /home/ivis/visuall/software-artifact-analyzer
> ng "build"


Initial Chunk Files | Names         |  Raw Size
vendor.js           | vendor        |   6.49 MB |
polyfills.js        | polyfills     | 964.76 kB |
main.js             | main          | 741.76 kB |
scripts.js          | scripts       | 393.86 kB |
styles.css          | styles        | 245.20 kB |
runtime.js          | runtime       |   6.37 kB |

| Initial Total |   8.78 MB

Build at: 2023-02-17T11:50:56.658Z - Hash: 108f089a31520be1 - Time: 8329ms
server listening port:  4400
runner ended Cum 17 Şub 2023 14:50:56 +03
